<?xml version="1.0" encoding="UTF-8"?>
<coverage generated="1779325455775" clover="3.2.0">
  <project timestamp="1779325455775" name="All files">
    <metrics statements="15" coveredstatements="15" conditionals="0" coveredconditionals="0" methods="0" coveredmethods="0" elements="15" coveredelements="15" complexity="0" loc="15" ncloc="15" packages="1" files="4" classes="4"/>
    <file name="Cliente.js" path="C:\Users\kaina\OneDrive\Documentos\programação 2026\Plano_de_corte_2026_html_js\Back_end\src\Cliente.js">
      <metrics statements="4" coveredstatements="4" conditionals="0" coveredconditionals="0" methods="0" coveredmethods="0"/>
      <line num="1" count="2" type="stmt"/>
      <line num="2" count="2" type="stmt"/>
      <line num="4" count="2" type="stmt"/>
      <line num="29" count="2" type="stmt"/>
    </file>
    <file name="Projeto.js" path="C:\Users\kaina\OneDrive\Documentos\programação 2026\Plano_de_corte_2026_html_js\Back_end\src\Projeto.js">
      <metrics statements="4" coveredstatements="4" conditionals="0" coveredconditionals="0" methods="0" coveredmethods="0"/>
      <line num="1" count="2" type="stmt"/>
      <line num="2" count="2" type="stmt"/>
      <line num="4" count="2" type="stmt"/>
      <line num="33" count="2" type="stmt"/>
    </file>
    <file name="Usuarios.js" path="C:\Users\kaina\OneDrive\Documentos\programação 2026\Plano_de_corte_2026_html_js\Back_end\src\Usuarios.js">
      <metrics statements="4" coveredstatements="4" conditionals="0" coveredconditionals="0" methods="0" coveredmethods="0"/>
      <line num="1" count="1" type="stmt"/>
      <line num="2" count="1" type="stmt"/>
      <line num="4" count="1" type="stmt"/>
      <line num="22" count="1" type="stmt"/>
    </file>
    <file name="db.js" path="C:\Users\kaina\OneDrive\Documentos\programação 2026\Plano_de_corte_2026_html_js\Back_end\src\db.js">
      <metrics statements="3" coveredstatements="3" conditionals="0" coveredconditionals="0" methods="0" coveredmethods="0"/>
      <line num="1" count="5" type="stmt"/>
      <line num="3" count="5" type="stmt"/>
      <line num="14" count="5" type="stmt"/>
    </file>
  </project>
</coverage>
