{"C:\\Users\\kaina\\OneDrive\\Documentos\\programação 2026\\Plano_de_corte_2026_html_js\\Back_end\\src\\Cliente.js": {"path":"C:\\Users\\kaina\\OneDrive\\Documentos\\programação 2026\\Plano_de_corte_2026_html_js\\Back_end\\src\\Cliente.js","statementMap":{"0":{"start":{"line":1,"column":22},"end":{"line":1,"column":42}},"1":{"start":{"line":2,"column":18},"end":{"line":2,"column":33}},"2":{"start":{"line":4,"column":16},"end":{"line":27,"column":2}},"3":{"start":{"line":29,"column":0},"end":{"line":29,"column":25}}},"fnMap":{},"branchMap":{},"s":{"0":2,"1":2,"2":2,"3":2},"f":{},"b":{},"_coverageSchema":"1a1c01bbd47fc00a2c39e90264f33305004495a9","hash":"3433f13f82fd0aee11187400f649ff51f6a5d55b"}
,"C:\\Users\\kaina\\OneDrive\\Documentos\\programação 2026\\Plano_de_corte_2026_html_js\\Back_end\\src\\Projeto.js": {"path":"C:\\Users\\kaina\\OneDrive\\Documentos\\programação 2026\\Plano_de_corte_2026_html_js\\Back_end\\src\\Projeto.js","statementMap":{"0":{"start":{"line":1,"column":22},"end":{"line":1,"column":42}},"1":{"start":{"line":2,"column":18},"end":{"line":2,"column":33}},"2":{"start":{"line":4,"column":16},"end":{"line":31,"column":2}},"3":{"start":{"line":33,"column":0},"end":{"line":33,"column":25}}},"fnMap":{},"branchMap":{},"s":{"0":2,"1":2,"2":2,"3":2},"f":{},"b":{},"_coverageSchema":"1a1c01bbd47fc00a2c39e90264f33305004495a9","hash":"0e8bf5bf82ff92765dc81c1ec7928528c453c2d4"}
,"C:\\Users\\kaina\\OneDrive\\Documentos\\programação 2026\\Plano_de_corte_2026_html_js\\Back_end\\src\\Usuarios.js": {"path":"C:\\Users\\kaina\\OneDrive\\Documentos\\programação 2026\\Plano_de_corte_2026_html_js\\Back_end\\src\\Usuarios.js","statementMap":{"0":{"start":{"line":1,"column":22},"end":{"line":1,"column":42}},"1":{"start":{"line":2,"column":18},"end":{"line":2,"column":33}},"2":{"start":{"line":4,"column":16},"end":{"line":20,"column":2}},"3":{"start":{"line":22,"column":0},"end":{"line":22,"column":25}}},"fnMap":{},"branchMap":{},"s":{"0":1,"1":1,"2":1,"3":1},"f":{},"b":{},"_coverageSchema":"1a1c01bbd47fc00a2c39e90264f33305004495a9","hash":"cb26d705a5a8a37d0c6ccf4d96b5f9dd7b91d0e4"}
,"C:\\Users\\kaina\\OneDrive\\Documentos\\programação 2026\\Plano_de_corte_2026_html_js\\Back_end\\src\\db.js": {"path":"C:\\Users\\kaina\\OneDrive\\Documentos\\programação 2026\\Plano_de_corte_2026_html_js\\Back_end\\src\\db.js","statementMap":{"0":{"start":{"line":1,"column":19},"end":{"line":1,"column":39}},"1":{"start":{"line":3,"column":18},"end":{"line":12,"column":1}},"2":{"start":{"line":14,"column":0},"end":{"line":14,"column":27}}},"fnMap":{},"branchMap":{},"s":{"0":5,"1":5,"2":5},"f":{},"b":{},"_coverageSchema":"1a1c01bbd47fc00a2c39e90264f33305004495a9","hash":"ee0e84fc4ab7327acb70496d1be66396ff1ed206"}
}
